0 info it worked if it ends with ok
1 verbose cli [ 'node', '/opt/boxen/nodenv/versions/v0.12.7/bin/npm', 'start' ]
2 info using npm@3.3.9
3 info using node@v0.12.7
4 verbose run-script [ 'prestart', 'start', 'poststart' ]
5 info lifecycle react-embedded-twitter-timeline@0.0.2~prestart: react-embedded-twitter-timeline@0.0.2
6 silly lifecycle react-embedded-twitter-timeline@0.0.2~prestart: no script for prestart, continuing
7 info lifecycle react-embedded-twitter-timeline@0.0.2~start: react-embedded-twitter-timeline@0.0.2
8 verbose lifecycle react-embedded-twitter-timeline@0.0.2~start: unsafe-perm in lifecycle true
9 verbose lifecycle react-embedded-twitter-timeline@0.0.2~start: PATH: /opt/boxen/nodenv/versions/v0.12.7/lib/node_modules/npm/bin/node-gyp-bin:/Users/temp_setup/projects/react-karma-webpack-testing/node_modules/.bin:/opt/boxen/nodenv/versions/v0.12.7/bin:/opt/boxen/nodenv/libexec:/usr/local/heroku/bin:/Users/temp_setup/.venvburrito/bin:bin:/opt/boxen/rbenv/shims:/opt/boxen/rbenv/bin:/opt/boxen/rbenv/plugins/ruby-build/bin:/opt/boxen/nodenv/shims:/opt/boxen/nodenv/bin:/opt/boxen/leiningen/bin:/opt/boxen/bin:/opt/boxen/homebrew/bin:/opt/boxen/homebrew/sbin:/usr/bin:/bin:/usr/sbin:/sbin:/usr/local/bin:/opt/X11/bin:/usr/local/git/bin
10 verbose lifecycle react-embedded-twitter-timeline@0.0.2~start: CWD: /Users/temp_setup/projects/react-karma-webpack-testing
11 silly lifecycle react-embedded-twitter-timeline@0.0.2~start: Args: [ '-c', 'webpack-dev-server --inline' ]
12 silly lifecycle react-embedded-twitter-timeline@0.0.2~start: Returned: code: 1  signal: null
13 info lifecycle react-embedded-twitter-timeline@0.0.2~start: Failed to exec start script
14 verbose stack Error: react-embedded-twitter-timeline@0.0.2 start: `webpack-dev-server --inline`
14 verbose stack Exit status 1
14 verbose stack     at EventEmitter.<anonymous> (/opt/boxen/nodenv/versions/v0.12.7/lib/node_modules/npm/lib/utils/lifecycle.js:233:16)
14 verbose stack     at EventEmitter.emit (events.js:110:17)
14 verbose stack     at ChildProcess.<anonymous> (/opt/boxen/nodenv/versions/v0.12.7/lib/node_modules/npm/lib/utils/spawn.js:24:14)
14 verbose stack     at ChildProcess.emit (events.js:110:17)
14 verbose stack     at maybeClose (child_process.js:1015:16)
14 verbose stack     at Process.ChildProcess._handle.onexit (child_process.js:1087:5)
15 verbose pkgid react-embedded-twitter-timeline@0.0.2
16 verbose cwd /Users/temp_setup/projects/react-karma-webpack-testing
17 error Darwin 13.4.0
18 error argv "node" "/opt/boxen/nodenv/versions/v0.12.7/bin/npm" "start"
19 error node v0.12.7
20 error npm  v3.3.9
21 error code ELIFECYCLE
22 error react-embedded-twitter-timeline@0.0.2 start: `webpack-dev-server --inline`
22 error Exit status 1
23 error Failed at the react-embedded-twitter-timeline@0.0.2 start script 'webpack-dev-server --inline'.
23 error This is most likely a problem with the react-embedded-twitter-timeline package,
23 error not with npm itself.
23 error Tell the author that this fails on your system:
23 error     webpack-dev-server --inline
23 error You can get their info via:
23 error     npm owner ls react-embedded-twitter-timeline
23 error There is likely additional logging output above.
24 verbose exit [ 1, true ]
